{"C:\\Pamela\\starter\\mod-VI-test-jest\\av-final\\src\\core\\infra\\index.ts": {"path":"C:\\Pamela\\starter\\mod-VI-test-jest\\av-final\\src\\core\\infra\\index.ts","statementMap":{"0":{"start":{"line":1,"column":0},"end":{"line":1,"column":44}},"1":{"start":{"line":2,"column":0},"end":{"line":2,"column":41}},"2":{"start":{"line":3,"column":0},"end":{"line":3,"column":41}},"3":{"start":{"line":4,"column":0},"end":{"line":4,"column":31}}},"fnMap":{},"branchMap":{},"s":{"0":5,"1":5,"2":5,"3":5},"f":{},"b":{}}
,"C:\\Pamela\\starter\\mod-VI-test-jest\\av-final\\src\\core\\infra\\data\\connections\\redis.ts": {"path":"C:\\Pamela\\starter\\mod-VI-test-jest\\av-final\\src\\core\\infra\\data\\connections\\redis.ts","statementMap":{"0":{"start":{"line":1,"column":0},"end":{"line":1,"column":30}},"1":{"start":{"line":8,"column":8},"end":{"line":10,"column":null}},"2":{"start":{"line":9,"column":12},"end":{"line":9,"column":51}},"3":{"start":{"line":12,"column":8},"end":{"line":12,"column":32}},"4":{"start":{"line":16,"column":8},"end":{"line":18,"column":null}},"5":{"start":{"line":17,"column":12},"end":{"line":17,"column":67}},"6":{"start":{"line":4,"column":0},"end":{"line":4,"column":13}},"7":{"start":{"line":5,"column":4},"end":{"line":5,"column":38}}},"fnMap":{"0":{"name":"(anonymous_3)","decl":{"start":{"line":7,"column":11},"end":{"line":7,"column":17}},"loc":{"start":{"line":7,"column":37},"end":{"line":13,"column":5}}},"1":{"name":"(anonymous_4)","decl":{"start":{"line":15,"column":11},"end":{"line":15,"column":16}},"loc":{"start":{"line":15,"column":31},"end":{"line":19,"column":5}}}},"branchMap":{"0":{"loc":{"start":{"line":8,"column":8},"end":{"line":10,"column":null}},"type":"if","locations":[{"start":{"line":8,"column":8},"end":{"line":10,"column":null}},{"start":{"line":8,"column":8},"end":{"line":10,"column":null}}]},"1":{"loc":{"start":{"line":16,"column":8},"end":{"line":18,"column":null}},"type":"if","locations":[{"start":{"line":16,"column":8},"end":{"line":18,"column":null}},{"start":{"line":16,"column":8},"end":{"line":18,"column":null}}]}},"s":{"0":7,"1":0,"2":0,"3":0,"4":0,"5":0,"6":7,"7":7},"f":{"0":0,"1":0},"b":{"0":[0,0],"1":[0,0]}}
,"C:\\Pamela\\starter\\mod-VI-test-jest\\av-final\\src\\core\\infra\\data\\database\\entities\\annotation.entity.ts": {"path":"C:\\Pamela\\starter\\mod-VI-test-jest\\av-final\\src\\core\\infra\\data\\database\\entities\\annotation.entity.ts","statementMap":{"0":{"start":{"line":1,"column":0},"end":{"line":1,"column":119}},"1":{"start":{"line":2,"column":0},"end":{"line":2,"column":34}},"2":{"start":{"line":3,"column":0},"end":{"line":3,"column":43}},"3":{"start":{"line":6,"column":0},"end":{"line":40,"column":null}},"4":{"start":{"line":31,"column":8},"end":{"line":31,"column":26}},"5":{"start":{"line":32,"column":8},"end":{"line":32,"column":46}},"6":{"start":{"line":33,"column":8},"end":{"line":33,"column":46}},"7":{"start":{"line":38,"column":8},"end":{"line":38,"column":46}},"8":{"start":{"line":8,"column":4},"end":{"line":8,"column":null}},"9":{"start":{"line":11,"column":4},"end":{"line":11,"column":null}},"10":{"start":{"line":14,"column":4},"end":{"line":14,"column":null}},"11":{"start":{"line":17,"column":4},"end":{"line":17,"column":null}},"12":{"start":{"line":20,"column":4},"end":{"line":20,"column":null}},"13":{"start":{"line":23,"column":4},"end":{"line":23,"column":null}},"14":{"start":{"line":27,"column":4},"end":{"line":27,"column":null}},"15":{"start":{"line":25,"column":23},"end":{"line":25,"column":33}},"16":{"start":{"line":25,"column":43},"end":{"line":25,"column":59}},"17":{"start":{"line":30,"column":4},"end":{"line":34,"column":null}},"18":{"start":{"line":37,"column":4},"end":{"line":39,"column":null}},"19":{"start":{"line":6,"column":13},"end":{"line":40,"column":null}},"20":{"start":{"line":6,"column":13},"end":{"line":6,"column":29}}},"fnMap":{"0":{"name":"(anonymous_2)","decl":{"start":{"line":30,"column":12},"end":{"line":30,"column":24}},"loc":{"start":{"line":30,"column":24},"end":{"line":34,"column":5}}},"1":{"name":"(anonymous_3)","decl":{"start":{"line":37,"column":12},"end":{"line":37,"column":24}},"loc":{"start":{"line":37,"column":24},"end":{"line":39,"column":5}}},"2":{"name":"(anonymous_4)","decl":{"start":{"line":25,"column":15},"end":{"line":25,"column":19}},"loc":{"start":{"line":25,"column":23},"end":{"line":25,"column":33}}},"3":{"name":"(anonymous_5)","decl":{"start":{"line":25,"column":35},"end":{"line":25,"column":39}},"loc":{"start":{"line":25,"column":43},"end":{"line":25,"column":59}}}},"branchMap":{},"s":{"0":5,"1":5,"2":5,"3":5,"4":8,"5":8,"6":8,"7":0,"8":5,"9":5,"10":5,"11":5,"12":5,"13":5,"14":5,"15":2,"16":2,"17":5,"18":5,"19":5,"20":5},"f":{"0":8,"1":0,"2":2,"3":2},"b":{}}
,"C:\\Pamela\\starter\\mod-VI-test-jest\\av-final\\src\\core\\infra\\data\\database\\entities\\index.ts": {"path":"C:\\Pamela\\starter\\mod-VI-test-jest\\av-final\\src\\core\\infra\\data\\database\\entities\\index.ts","statementMap":{"0":{"start":{"line":1,"column":0},"end":{"line":1,"column":30}},"1":{"start":{"line":2,"column":0},"end":{"line":2,"column":36}}},"fnMap":{},"branchMap":{},"s":{"0":5,"1":5},"f":{},"b":{}}
,"C:\\Pamela\\starter\\mod-VI-test-jest\\av-final\\src\\core\\infra\\data\\database\\entities\\user.entity.ts": {"path":"C:\\Pamela\\starter\\mod-VI-test-jest\\av-final\\src\\core\\infra\\data\\database\\entities\\user.entity.ts","statementMap":{"0":{"start":{"line":1,"column":0},"end":{"line":1,"column":107}},"1":{"start":{"line":2,"column":0},"end":{"line":2,"column":34}},"2":{"start":{"line":3,"column":0},"end":{"line":3,"column":55}},"3":{"start":{"line":6,"column":0},"end":{"line":36,"column":null}},"4":{"start":{"line":27,"column":8},"end":{"line":27,"column":26}},"5":{"start":{"line":28,"column":8},"end":{"line":28,"column":46}},"6":{"start":{"line":29,"column":8},"end":{"line":29,"column":46}},"7":{"start":{"line":34,"column":8},"end":{"line":34,"column":46}},"8":{"start":{"line":8,"column":4},"end":{"line":8,"column":null}},"9":{"start":{"line":11,"column":4},"end":{"line":11,"column":null}},"10":{"start":{"line":14,"column":4},"end":{"line":14,"column":null}},"11":{"start":{"line":17,"column":4},"end":{"line":17,"column":null}},"12":{"start":{"line":20,"column":4},"end":{"line":20,"column":null}},"13":{"start":{"line":23,"column":4},"end":{"line":23,"column":null}},"14":{"start":{"line":22,"column":23},"end":{"line":22,"column":39}},"15":{"start":{"line":22,"column":55},"end":{"line":22,"column":70}},"16":{"start":{"line":26,"column":4},"end":{"line":30,"column":null}},"17":{"start":{"line":33,"column":4},"end":{"line":35,"column":null}},"18":{"start":{"line":6,"column":13},"end":{"line":36,"column":null}},"19":{"start":{"line":6,"column":13},"end":{"line":6,"column":23}}},"fnMap":{"0":{"name":"(anonymous_2)","decl":{"start":{"line":26,"column":12},"end":{"line":26,"column":24}},"loc":{"start":{"line":26,"column":24},"end":{"line":30,"column":5}}},"1":{"name":"(anonymous_3)","decl":{"start":{"line":33,"column":12},"end":{"line":33,"column":24}},"loc":{"start":{"line":33,"column":24},"end":{"line":35,"column":5}}},"2":{"name":"(anonymous_4)","decl":{"start":{"line":22,"column":15},"end":{"line":22,"column":19}},"loc":{"start":{"line":22,"column":23},"end":{"line":22,"column":39}}},"3":{"name":"(anonymous_5)","decl":{"start":{"line":22,"column":41},"end":{"line":22,"column":51}},"loc":{"start":{"line":22,"column":55},"end":{"line":22,"column":70}}}},"branchMap":{},"s":{"0":5,"1":5,"2":5,"3":5,"4":10,"5":10,"6":10,"7":0,"8":5,"9":5,"10":5,"11":5,"12":5,"13":5,"14":2,"15":2,"16":5,"17":5,"18":5,"19":5},"f":{"0":10,"1":0,"2":2,"3":2},"b":{}}
,"C:\\Pamela\\starter\\mod-VI-test-jest\\av-final\\src\\core\\infra\\repositories\\cache.repository.ts": {"path":"C:\\Pamela\\starter\\mod-VI-test-jest\\av-final\\src\\core\\infra\\repositories\\cache.repository.ts","statementMap":{"0":{"start":{"line":2,"column":0},"end":{"line":2,"column":50}},"1":{"start":{"line":8,"column":8},"end":{"line":8,"column":29}},"2":{"start":{"line":12,"column":8},"end":{"line":12,"column":49}},"3":{"start":{"line":16,"column":8},"end":{"line":16,"column":64}},"4":{"start":{"line":20,"column":8},"end":{"line":20,"column":75}},"5":{"start":{"line":24,"column":22},"end":{"line":24,"column":47}},"6":{"start":{"line":26,"column":8},"end":{"line":26,"column":48}},"7":{"start":{"line":30,"column":23},"end":{"line":30,"column":48}},"8":{"start":{"line":32,"column":8},"end":{"line":32,"column":28}},"9":{"start":{"line":4,"column":0},"end":{"line":4,"column":13}}},"fnMap":{"0":{"name":"(anonymous_0)","decl":{"start":{"line":7,"column":4},"end":{"line":7,"column":null}},"loc":{"start":{"line":7,"column":4},"end":{"line":9,"column":5}}},"1":{"name":"(anonymous_1)","decl":{"start":{"line":11,"column":12},"end":{"line":11,"column":17}},"loc":{"start":{"line":11,"column":31},"end":{"line":13,"column":5}}},"2":{"name":"(anonymous_2)","decl":{"start":{"line":15,"column":11},"end":{"line":15,"column":16}},"loc":{"start":{"line":15,"column":44},"end":{"line":17,"column":5}}},"3":{"name":"(anonymous_3)","decl":{"start":{"line":19,"column":11},"end":{"line":19,"column":16}},"loc":{"start":{"line":19,"column":59},"end":{"line":21,"column":5}}},"4":{"name":"(anonymous_4)","decl":{"start":{"line":23,"column":11},"end":{"line":23,"column":16}},"loc":{"start":{"line":23,"column":32},"end":{"line":27,"column":5}}},"5":{"name":"(anonymous_5)","decl":{"start":{"line":29,"column":11},"end":{"line":29,"column":16}},"loc":{"start":{"line":29,"column":32},"end":{"line":33,"column":5}}}},"branchMap":{"0":{"loc":{"start":{"line":26,"column":23},"end":{"line":26,"column":40}},"type":"cond-expr","locations":[{"start":{"line":26,"column":23},"end":{"line":26,"column":40}},{"start":{"line":26,"column":43},"end":{"line":26,"column":47}}]}},"s":{"0":3,"1":0,"2":0,"3":0,"4":0,"5":0,"6":0,"7":0,"8":0,"9":3},"f":{"0":0,"1":0,"2":0,"3":0,"4":0,"5":0},"b":{"0":[0,0]}}
,"C:\\Pamela\\starter\\mod-VI-test-jest\\av-final\\src\\core\\infra\\repositories\\index.ts": {"path":"C:\\Pamela\\starter\\mod-VI-test-jest\\av-final\\src\\core\\infra\\repositories\\index.ts","statementMap":{"0":{"start":{"line":1,"column":0},"end":{"line":1,"column":35}},"1":{"start":{"line":2,"column":0},"end":{"line":2,"column":34}}},"fnMap":{},"branchMap":{},"s":{"0":5,"1":5},"f":{},"b":{}}
,"C:\\Pamela\\starter\\mod-VI-test-jest\\av-final\\src\\core\\infra\\repositories\\user.repository.ts": {"path":"C:\\Pamela\\starter\\mod-VI-test-jest\\av-final\\src\\core\\infra\\repositories\\user.repository.ts","statementMap":{"0":{"start":{"line":1,"column":0},"end":{"line":1,"column":41}},"1":{"start":{"line":6,"column":21},"end":{"line":6,"column":50}},"2":{"start":{"line":8,"column":8},"end":{"line":10,"column":null}},"3":{"start":{"line":9,"column":12},"end":{"line":9,"column":null}},"4":{"start":{"line":12,"column":8},"end":{"line":16,"column":10}},"5":{"start":{"line":4,"column":0},"end":{"line":4,"column":13}}},"fnMap":{"0":{"name":"(anonymous_0)","decl":{"start":{"line":5,"column":4},"end":{"line":5,"column":9}},"loc":{"start":{"line":5,"column":28},"end":{"line":17,"column":5}}}},"branchMap":{"0":{"loc":{"start":{"line":8,"column":8},"end":{"line":10,"column":null}},"type":"if","locations":[{"start":{"line":8,"column":8},"end":{"line":10,"column":null}},{"start":{"line":8,"column":8},"end":{"line":10,"column":null}}]}},"s":{"0":5,"1":2,"2":2,"3":1,"4":1,"5":5},"f":{"0":2},"b":{"0":[1,1]}}
,"C:\\Pamela\\starter\\mod-VI-test-jest\\av-final\\src\\core\\presentation\\index.ts": {"path":"C:\\Pamela\\starter\\mod-VI-test-jest\\av-final\\src\\core\\presentation\\index.ts","statementMap":{"0":{"start":{"line":1,"column":0},"end":{"line":1,"column":27}},"1":{"start":{"line":2,"column":0},"end":{"line":2,"column":22}},"2":{"start":{"line":3,"column":0},"end":{"line":3,"column":28}},"3":{"start":{"line":4,"column":0},"end":{"line":4,"column":24}},"4":{"start":{"line":5,"column":0},"end":{"line":5,"column":25}},"5":{"start":{"line":6,"column":0},"end":{"line":6,"column":26}},"6":{"start":{"line":7,"column":0},"end":{"line":7,"column":25}},"7":{"start":{"line":8,"column":0},"end":{"line":8,"column":29}}},"fnMap":{},"branchMap":{},"s":{"0":2,"1":2,"2":2,"3":2,"4":2,"5":2,"6":2,"7":2},"f":{},"b":{}}
,"C:\\Pamela\\starter\\mod-VI-test-jest\\av-final\\src\\core\\presentation\\adapters\\express-middleware.adapter.ts": {"path":"C:\\Pamela\\starter\\mod-VI-test-jest\\av-final\\src\\core\\presentation\\adapters\\express-middleware.adapter.ts","statementMap":{"0":{"start":{"line":4,"column":33},"end":{"line":21,"column":1}},"1":{"start":{"line":5,"column":4},"end":{"line":20,"column":null}},"2":{"start":{"line":6,"column":50},"end":{"line":9,"column":10}},"3":{"start":{"line":11,"column":43},"end":{"line":11,"column":85}},"4":{"start":{"line":13,"column":8},"end":{"line":19,"column":null}},"5":{"start":{"line":14,"column":12},"end":{"line":14,"column":54}},"6":{"start":{"line":15,"column":12},"end":{"line":15,"column":19}},"7":{"start":{"line":17,"column":12},"end":{"line":18,"column":62}},"8":{"start":{"line":4,"column":13},"end":{"line":4,"column":33}}},"fnMap":{"0":{"name":"(anonymous_0)","decl":{"start":{"line":4,"column":33},"end":{"line":4,"column":34}},"loc":{"start":{"line":4,"column":53},"end":{"line":21,"column":1}}},"1":{"name":"(anonymous_1)","decl":{"start":{"line":5,"column":11},"end":{"line":5,"column":16}},"loc":{"start":{"line":5,"column":78},"end":{"line":20,"column":5}}}},"branchMap":{"0":{"loc":{"start":{"line":13,"column":8},"end":{"line":19,"column":null}},"type":"if","locations":[{"start":{"line":13,"column":8},"end":{"line":19,"column":null}},{"start":{"line":13,"column":8},"end":{"line":19,"column":null}}]}},"s":{"0":2,"1":3,"2":5,"3":5,"4":5,"5":3,"6":3,"7":2,"8":2},"f":{"0":3,"1":5},"b":{"0":[3,2]}}
,"C:\\Pamela\\starter\\mod-VI-test-jest\\av-final\\src\\core\\presentation\\adapters\\express-route.adapter.ts": {"path":"C:\\Pamela\\starter\\mod-VI-test-jest\\av-final\\src\\core\\presentation\\adapters\\express-route.adapter.ts","statementMap":{"0":{"start":{"line":4,"column":0},"end":{"line":4,"column":34}},"1":{"start":{"line":6,"column":29},"end":{"line":23,"column":1}},"2":{"start":{"line":7,"column":4},"end":{"line":22,"column":null}},"3":{"start":{"line":8,"column":41},"end":{"line":11,"column":10}},"4":{"start":{"line":13,"column":43},"end":{"line":13,"column":79}},"5":{"start":{"line":15,"column":8},"end":{"line":21,"column":null}},"6":{"start":{"line":16,"column":12},"end":{"line":17,"column":45}},"7":{"start":{"line":19,"column":12},"end":{"line":20,"column":62}},"8":{"start":{"line":6,"column":13},"end":{"line":6,"column":29}},"9":{"start":{"line":25,"column":32},"end":{"line":60,"column":1}},"10":{"start":{"line":26,"column":4},"end":{"line":59,"column":null}},"11":{"start":{"line":27,"column":41},"end":{"line":30,"column":10}},"12":{"start":{"line":34,"column":8},"end":{"line":50,"column":null}},"13":{"start":{"line":36,"column":16},"end":{"line":36,"column":67}},"14":{"start":{"line":37,"column":16},"end":{"line":37,"column":22}},"15":{"start":{"line":39,"column":16},"end":{"line":39,"column":66}},"16":{"start":{"line":40,"column":16},"end":{"line":40,"column":22}},"17":{"start":{"line":42,"column":16},"end":{"line":42,"column":67}},"18":{"start":{"line":43,"column":16},"end":{"line":43,"column":22}},"19":{"start":{"line":45,"column":16},"end":{"line":45,"column":68}},"20":{"start":{"line":46,"column":16},"end":{"line":46,"column":22}},"21":{"start":{"line":48,"column":16},"end":{"line":48,"column":68}},"22":{"start":{"line":49,"column":16},"end":{"line":49,"column":22}},"23":{"start":{"line":52,"column":8},"end":{"line":58,"column":null}},"24":{"start":{"line":53,"column":12},"end":{"line":54,"column":45}},"25":{"start":{"line":56,"column":12},"end":{"line":57,"column":62}},"26":{"start":{"line":25,"column":13},"end":{"line":25,"column":32}}},"fnMap":{"0":{"name":"(anonymous_0)","decl":{"start":{"line":6,"column":29},"end":{"line":6,"column":30}},"loc":{"start":{"line":6,"column":56},"end":{"line":23,"column":1}}},"1":{"name":"(anonymous_1)","decl":{"start":{"line":7,"column":11},"end":{"line":7,"column":16}},"loc":{"start":{"line":7,"column":58},"end":{"line":22,"column":5}}},"2":{"name":"(anonymous_2)","decl":{"start":{"line":25,"column":32},"end":{"line":25,"column":33}},"loc":{"start":{"line":25,"column":74},"end":{"line":60,"column":1}}},"3":{"name":"(anonymous_3)","decl":{"start":{"line":26,"column":11},"end":{"line":26,"column":16}},"loc":{"start":{"line":26,"column":58},"end":{"line":59,"column":5}}}},"branchMap":{"0":{"loc":{"start":{"line":15,"column":8},"end":{"line":21,"column":null}},"type":"if","locations":[{"start":{"line":15,"column":8},"end":{"line":21,"column":null}},{"start":{"line":15,"column":8},"end":{"line":21,"column":null}}]},"1":{"loc":{"start":{"line":15,"column":12},"end":{"line":15,"column":42}},"type":"binary-expr","locations":[{"start":{"line":15,"column":12},"end":{"line":15,"column":42}},{"start":{"line":15,"column":46},"end":{"line":15,"column":76}}]},"2":{"loc":{"start":{"line":35,"column":12},"end":{"line":37,"column":22}},"type":"switch","locations":[{"start":{"line":35,"column":12},"end":{"line":37,"column":22}},{"start":{"line":38,"column":12},"end":{"line":40,"column":22}},{"start":{"line":41,"column":12},"end":{"line":43,"column":22}},{"start":{"line":44,"column":12},"end":{"line":46,"column":22}},{"start":{"line":47,"column":12},"end":{"line":49,"column":22}}]},"3":{"loc":{"start":{"line":52,"column":8},"end":{"line":58,"column":null}},"type":"if","locations":[{"start":{"line":52,"column":8},"end":{"line":58,"column":null}},{"start":{"line":52,"column":8},"end":{"line":58,"column":null}}]},"4":{"loc":{"start":{"line":52,"column":12},"end":{"line":52,"column":42}},"type":"binary-expr","locations":[{"start":{"line":52,"column":12},"end":{"line":52,"column":42}},{"start":{"line":52,"column":46},"end":{"line":52,"column":76}}]}},"s":{"0":2,"1":2,"2":0,"3":0,"4":0,"5":0,"6":0,"7":0,"8":2,"9":2,"10":5,"11":3,"12":3,"13":1,"14":1,"15":1,"16":1,"17":1,"18":1,"19":0,"20":0,"21":0,"22":0,"23":3,"24":3,"25":0,"26":2},"f":{"0":0,"1":0,"2":5,"3":3},"b":{"0":[0,0],"1":[0,0],"2":[1,1,1,0,0],"3":[3,0],"4":[3,3]}}
,"C:\\Pamela\\starter\\mod-VI-test-jest\\av-final\\src\\core\\presentation\\adapters\\index.ts": {"path":"C:\\Pamela\\starter\\mod-VI-test-jest\\av-final\\src\\core\\presentation\\adapters\\index.ts","statementMap":{"0":{"start":{"line":1,"column":0},"end":{"line":1,"column":45}},"1":{"start":{"line":2,"column":0},"end":{"line":2,"column":40}}},"fnMap":{},"branchMap":{},"s":{"0":2,"1":2},"f":{},"b":{}}
,"C:\\Pamela\\starter\\mod-VI-test-jest\\av-final\\src\\core\\presentation\\contracts\\index.ts": {"path":"C:\\Pamela\\starter\\mod-VI-test-jest\\av-final\\src\\core\\presentation\\contracts\\index.ts","statementMap":{"0":{"start":{"line":1,"column":0},"end":{"line":1,"column":38}}},"fnMap":{},"branchMap":{},"s":{"0":2},"f":{},"b":{}}
,"C:\\Pamela\\starter\\mod-VI-test-jest\\av-final\\src\\core\\presentation\\enums\\index.ts": {"path":"C:\\Pamela\\starter\\mod-VI-test-jest\\av-final\\src\\core\\presentation\\enums\\index.ts","statementMap":{"0":{"start":{"line":1,"column":0},"end":{"line":1,"column":27}}},"fnMap":{},"branchMap":{},"s":{"0":2},"f":{},"b":{}}
,"C:\\Pamela\\starter\\mod-VI-test-jest\\av-final\\src\\core\\presentation\\enums\\mvc.enum.ts": {"path":"C:\\Pamela\\starter\\mod-VI-test-jest\\av-final\\src\\core\\presentation\\enums\\mvc.enum.ts","statementMap":{"0":{"start":{"line":1,"column":0},"end":{"line":1,"column":null}},"1":{"start":{"line":2,"column":4},"end":{"line":2,"column":null}},"2":{"start":{"line":3,"column":4},"end":{"line":3,"column":null}},"3":{"start":{"line":4,"column":4},"end":{"line":4,"column":null}},"4":{"start":{"line":5,"column":4},"end":{"line":5,"column":null}},"5":{"start":{"line":6,"column":4},"end":{"line":6,"column":null}}},"fnMap":{"0":{"name":"(anonymous_0)","decl":{"start":{"line":1,"column":0},"end":{"line":1,"column":12}},"loc":{"start":{"line":1,"column":16},"end":{"line":7,"column":1}}}},"branchMap":{"0":{"loc":{"start":{"line":1,"column":12},"end":{"line":1,"column":16}},"type":"binary-expr","locations":[{"start":{"line":1,"column":12},"end":{"line":1,"column":16}},{"start":{"line":1,"column":12},"end":{"line":1,"column":null}}]}},"s":{"0":2,"1":2,"2":2,"3":2,"4":2,"5":2},"f":{"0":2},"b":{"0":[2,2]}}
,"C:\\Pamela\\starter\\mod-VI-test-jest\\av-final\\src\\core\\presentation\\errors\\data-not-found.error.ts": {"path":"C:\\Pamela\\starter\\mod-VI-test-jest\\av-final\\src\\core\\presentation\\errors\\data-not-found.error.ts","statementMap":{"0":{"start":{"line":3,"column":8},"end":{"line":3,"column":32}},"1":{"start":{"line":4,"column":8},"end":{"line":4,"column":40}},"2":{"start":{"line":1,"column":0},"end":{"line":1,"column":13}}},"fnMap":{"0":{"name":"(anonymous_0)","decl":{"start":{"line":2,"column":4},"end":{"line":2,"column":null}},"loc":{"start":{"line":2,"column":4},"end":{"line":5,"column":5}}}},"branchMap":{},"s":{"0":2,"1":2,"2":2},"f":{"0":2},"b":{}}
,"C:\\Pamela\\starter\\mod-VI-test-jest\\av-final\\src\\core\\presentation\\errors\\index.ts": {"path":"C:\\Pamela\\starter\\mod-VI-test-jest\\av-final\\src\\core\\presentation\\errors\\index.ts","statementMap":{"0":{"start":{"line":1,"column":0},"end":{"line":1,"column":39}},"1":{"start":{"line":2,"column":0},"end":{"line":2,"column":38}},"2":{"start":{"line":3,"column":0},"end":{"line":3,"column":38}},"3":{"start":{"line":4,"column":0},"end":{"line":4,"column":31}}},"fnMap":{},"branchMap":{},"s":{"0":2,"1":2,"2":2,"3":2},"f":{},"b":{}}
,"C:\\Pamela\\starter\\mod-VI-test-jest\\av-final\\src\\core\\presentation\\errors\\invalid-param.error.ts": {"path":"C:\\Pamela\\starter\\mod-VI-test-jest\\av-final\\src\\core\\presentation\\errors\\invalid-param.error.ts","statementMap":{"0":{"start":{"line":3,"column":8},"end":{"line":3,"column":45}},"1":{"start":{"line":4,"column":8},"end":{"line":4,"column":40}},"2":{"start":{"line":1,"column":0},"end":{"line":1,"column":13}}},"fnMap":{"0":{"name":"(anonymous_0)","decl":{"start":{"line":2,"column":4},"end":{"line":2,"column":16}},"loc":{"start":{"line":2,"column":33},"end":{"line":5,"column":5}}}},"branchMap":{},"s":{"0":1,"1":1,"2":2},"f":{"0":1},"b":{}}
,"C:\\Pamela\\starter\\mod-VI-test-jest\\av-final\\src\\core\\presentation\\errors\\missing-param.error.ts": {"path":"C:\\Pamela\\starter\\mod-VI-test-jest\\av-final\\src\\core\\presentation\\errors\\missing-param.error.ts","statementMap":{"0":{"start":{"line":3,"column":8},"end":{"line":3,"column":45}},"1":{"start":{"line":4,"column":8},"end":{"line":4,"column":40}},"2":{"start":{"line":1,"column":0},"end":{"line":1,"column":13}}},"fnMap":{"0":{"name":"(anonymous_0)","decl":{"start":{"line":2,"column":4},"end":{"line":2,"column":16}},"loc":{"start":{"line":2,"column":33},"end":{"line":5,"column":5}}}},"branchMap":{},"s":{"0":1,"1":1,"2":2},"f":{"0":1},"b":{}}
,"C:\\Pamela\\starter\\mod-VI-test-jest\\av-final\\src\\core\\presentation\\errors\\server.error.ts": {"path":"C:\\Pamela\\starter\\mod-VI-test-jest\\av-final\\src\\core\\presentation\\errors\\server.error.ts","statementMap":{"0":{"start":{"line":3,"column":8},"end":{"line":3,"column":39}},"1":{"start":{"line":4,"column":8},"end":{"line":4,"column":34}},"2":{"start":{"line":1,"column":0},"end":{"line":1,"column":13}}},"fnMap":{"0":{"name":"(anonymous_0)","decl":{"start":{"line":2,"column":4},"end":{"line":2,"column":null}},"loc":{"start":{"line":2,"column":4},"end":{"line":5,"column":5}}}},"branchMap":{},"s":{"0":5,"1":5,"2":2},"f":{"0":5},"b":{}}
,"C:\\Pamela\\starter\\mod-VI-test-jest\\av-final\\src\\core\\presentation\\helpers\\http.helper.ts": {"path":"C:\\Pamela\\starter\\mod-VI-test-jest\\av-final\\src\\core\\presentation\\helpers\\http.helper.ts","statementMap":{"0":{"start":{"line":2,"column":0},"end":{"line":2,"column":61}},"1":{"start":{"line":4,"column":18},"end":{"line":7,"column":2}},"2":{"start":{"line":4,"column":48},"end":{"line":7,"column":2}},"3":{"start":{"line":4,"column":13},"end":{"line":4,"column":18}},"4":{"start":{"line":9,"column":26},"end":{"line":12,"column":2}},"5":{"start":{"line":9,"column":59},"end":{"line":12,"column":2}},"6":{"start":{"line":9,"column":13},"end":{"line":9,"column":26}},"7":{"start":{"line":14,"column":24},"end":{"line":17,"column":2}},"8":{"start":{"line":14,"column":45},"end":{"line":17,"column":2}},"9":{"start":{"line":14,"column":13},"end":{"line":14,"column":24}},"10":{"start":{"line":19,"column":27},"end":{"line":22,"column":2}},"11":{"start":{"line":19,"column":48},"end":{"line":22,"column":2}},"12":{"start":{"line":19,"column":13},"end":{"line":19,"column":27}}},"fnMap":{"0":{"name":"(anonymous_0)","decl":{"start":{"line":4,"column":18},"end":{"line":4,"column":19}},"loc":{"start":{"line":4,"column":48},"end":{"line":7,"column":2}}},"1":{"name":"(anonymous_1)","decl":{"start":{"line":9,"column":26},"end":{"line":9,"column":27}},"loc":{"start":{"line":9,"column":59},"end":{"line":12,"column":2}}},"2":{"name":"(anonymous_2)","decl":{"start":{"line":14,"column":24},"end":{"line":14,"column":41}},"loc":{"start":{"line":14,"column":45},"end":{"line":17,"column":2}}},"3":{"name":"(anonymous_3)","decl":{"start":{"line":19,"column":27},"end":{"line":19,"column":44}},"loc":{"start":{"line":19,"column":48},"end":{"line":22,"column":2}}}},"branchMap":{},"s":{"0":2,"1":2,"2":9,"3":2,"4":2,"5":2,"6":2,"7":2,"8":2,"9":2,"10":2,"11":5,"12":2},"f":{"0":9,"1":2,"2":2,"3":5},"b":{}}
,"C:\\Pamela\\starter\\mod-VI-test-jest\\av-final\\src\\core\\presentation\\helpers\\index.ts": {"path":"C:\\Pamela\\starter\\mod-VI-test-jest\\av-final\\src\\core\\presentation\\helpers\\index.ts","statementMap":{"0":{"start":{"line":1,"column":0},"end":{"line":1,"column":29}}},"fnMap":{},"branchMap":{},"s":{"0":2},"f":{},"b":{}}
,"C:\\Pamela\\starter\\mod-VI-test-jest\\av-final\\src\\core\\presentation\\models\\index.ts": {"path":"C:\\Pamela\\starter\\mod-VI-test-jest\\av-final\\src\\core\\presentation\\models\\index.ts","statementMap":{"0":{"start":{"line":1,"column":0},"end":{"line":1,"column":29}}},"fnMap":{},"branchMap":{},"s":{"0":2},"f":{},"b":{}}
,"C:\\Pamela\\starter\\mod-VI-test-jest\\av-final\\src\\core\\presentation\\validators\\index.ts": {"path":"C:\\Pamela\\starter\\mod-VI-test-jest\\av-final\\src\\core\\presentation\\validators\\index.ts","statementMap":{"0":{"start":{"line":1,"column":0},"end":{"line":1,"column":43}}},"fnMap":{},"branchMap":{},"s":{"0":2},"f":{},"b":{}}
,"C:\\Pamela\\starter\\mod-VI-test-jest\\av-final\\src\\core\\presentation\\validators\\require-fields.validator.ts": {"path":"C:\\Pamela\\starter\\mod-VI-test-jest\\av-final\\src\\core\\presentation\\validators\\require-fields.validator.ts","statementMap":{"0":{"start":{"line":1,"column":0},"end":{"line":1,"column":48}},"1":{"start":{"line":4,"column":4},"end":{"line":4,"column":32}},"2":{"start":{"line":7,"column":8},"end":{"line":7,"column":36}},"3":{"start":{"line":11,"column":8},"end":{"line":13,"column":null}},"4":{"start":{"line":12,"column":12},"end":{"line":12,"column":58}},"5":{"start":{"line":15,"column":8},"end":{"line":15,"column":20}},"6":{"start":{"line":3,"column":0},"end":{"line":3,"column":13}}},"fnMap":{"0":{"name":"(anonymous_2)","decl":{"start":{"line":6,"column":4},"end":{"line":6,"column":16}},"loc":{"start":{"line":6,"column":33},"end":{"line":8,"column":5}}},"1":{"name":"(anonymous_3)","decl":{"start":{"line":10,"column":11},"end":{"line":10,"column":19}},"loc":{"start":{"line":10,"column":30},"end":{"line":16,"column":5}}}},"branchMap":{"0":{"loc":{"start":{"line":11,"column":8},"end":{"line":13,"column":null}},"type":"if","locations":[{"start":{"line":11,"column":8},"end":{"line":13,"column":null}},{"start":{"line":11,"column":8},"end":{"line":13,"column":null}}]}},"s":{"0":2,"1":5,"2":5,"3":5,"4":1,"5":4,"6":2},"f":{"0":5,"1":5},"b":{"0":[1,4]}}
,"C:\\Pamela\\starter\\mod-VI-test-jest\\av-final\\src\\features\\annotations\\infra\\index.ts": {"path":"C:\\Pamela\\starter\\mod-VI-test-jest\\av-final\\src\\features\\annotations\\infra\\index.ts","statementMap":{"0":{"start":{"line":1,"column":0},"end":{"line":1,"column":31}},"1":{"start":{"line":2,"column":0},"end":{"line":2,"column":38}}},"fnMap":{},"branchMap":{},"s":{"0":3,"1":3},"f":{},"b":{}}
,"C:\\Pamela\\starter\\mod-VI-test-jest\\av-final\\src\\features\\annotations\\infra\\repositories\\annotation.repository.ts": {"path":"C:\\Pamela\\starter\\mod-VI-test-jest\\av-final\\src\\features\\annotations\\infra\\repositories\\annotation.repository.ts","statementMap":{"0":{"start":{"line":1,"column":0},"end":{"line":1,"column":58}},"1":{"start":{"line":14,"column":70},"end":{"line":14,"column":76}},"2":{"start":{"line":15,"column":27},"end":{"line":21,"column":17}},"3":{"start":{"line":23,"column":8},"end":{"line":30,"column":10}},"4":{"start":{"line":34,"column":28},"end":{"line":34,"column":57}},"5":{"start":{"line":36,"column":8},"end":{"line":43,"column":12}},"6":{"start":{"line":36,"column":52},"end":{"line":43,"column":10}},"7":{"start":{"line":47,"column":25},"end":{"line":47,"column":60}},"8":{"start":{"line":49,"column":8},"end":{"line":51,"column":null}},"9":{"start":{"line":50,"column":12},"end":{"line":50,"column":35}},"10":{"start":{"line":53,"column":8},"end":{"line":53,"column":52}},"11":{"start":{"line":55,"column":8},"end":{"line":62,"column":10}},"12":{"start":{"line":66,"column":70},"end":{"line":66,"column":76}},"13":{"start":{"line":67,"column":27},"end":{"line":67,"column":62}},"14":{"start":{"line":69,"column":8},"end":{"line":71,"column":null}},"15":{"start":{"line":70,"column":12},"end":{"line":70,"column":35}},"16":{"start":{"line":73,"column":8},"end":{"line":79,"column":11}},"17":{"start":{"line":81,"column":8},"end":{"line":86,"column":10}},"18":{"start":{"line":90,"column":27},"end":{"line":90,"column":62}},"19":{"start":{"line":92,"column":8},"end":{"line":94,"column":null}},"20":{"start":{"line":93,"column":12},"end":{"line":93,"column":35}},"21":{"start":{"line":96,"column":8},"end":{"line":96,"column":43}},"22":{"start":{"line":12,"column":0},"end":{"line":12,"column":13}}},"fnMap":{"0":{"name":"(anonymous_0)","decl":{"start":{"line":13,"column":4},"end":{"line":13,"column":9}},"loc":{"start":{"line":13,"column":37},"end":{"line":31,"column":5}}},"1":{"name":"(anonymous_1)","decl":{"start":{"line":33,"column":4},"end":{"line":33,"column":9}},"loc":{"start":{"line":33,"column":16},"end":{"line":44,"column":5}}},"2":{"name":"(anonymous_2)","decl":{"start":{"line":36,"column":37},"end":{"line":36,"column":47}},"loc":{"start":{"line":36,"column":52},"end":{"line":43,"column":10}}},"3":{"name":"(anonymous_3)","decl":{"start":{"line":46,"column":4},"end":{"line":46,"column":9}},"loc":{"start":{"line":46,"column":28},"end":{"line":63,"column":5}}},"4":{"name":"(anonymous_4)","decl":{"start":{"line":65,"column":4},"end":{"line":65,"column":9}},"loc":{"start":{"line":65,"column":50},"end":{"line":87,"column":5}}},"5":{"name":"(anonymous_5)","decl":{"start":{"line":89,"column":4},"end":{"line":89,"column":9}},"loc":{"start":{"line":89,"column":28},"end":{"line":97,"column":5}}}},"branchMap":{"0":{"loc":{"start":{"line":49,"column":8},"end":{"line":51,"column":null}},"type":"if","locations":[{"start":{"line":49,"column":8},"end":{"line":51,"column":null}},{"start":{"line":49,"column":8},"end":{"line":51,"column":null}}]},"1":{"loc":{"start":{"line":69,"column":8},"end":{"line":71,"column":null}},"type":"if","locations":[{"start":{"line":69,"column":8},"end":{"line":71,"column":null}},{"start":{"line":69,"column":8},"end":{"line":71,"column":null}}]},"2":{"loc":{"start":{"line":92,"column":8},"end":{"line":94,"column":null}},"type":"if","locations":[{"start":{"line":92,"column":8},"end":{"line":94,"column":null}},{"start":{"line":92,"column":8},"end":{"line":94,"column":null}}]}},"s":{"0":3,"1":1,"2":1,"3":1,"4":0,"5":0,"6":0,"7":0,"8":0,"9":0,"10":0,"11":0,"12":0,"13":0,"14":0,"15":0,"16":0,"17":0,"18":0,"19":0,"20":0,"21":0,"22":3},"f":{"0":1,"1":0,"2":0,"3":0,"4":0,"5":0},"b":{"0":[0,0],"1":[0,0],"2":[0,0]}}
,"C:\\Pamela\\starter\\mod-VI-test-jest\\av-final\\src\\features\\annotations\\infra\\repositories\\index.ts": {"path":"C:\\Pamela\\starter\\mod-VI-test-jest\\av-final\\src\\features\\annotations\\infra\\repositories\\index.ts","statementMap":{"0":{"start":{"line":1,"column":0},"end":{"line":1,"column":40}}},"fnMap":{},"branchMap":{},"s":{"0":3},"f":{},"b":{}}
,"C:\\Pamela\\starter\\mod-VI-test-jest\\av-final\\src\\features\\annotations\\presentation\\index.ts": {"path":"C:\\Pamela\\starter\\mod-VI-test-jest\\av-final\\src\\features\\annotations\\presentation\\index.ts","statementMap":{"0":{"start":{"line":1,"column":0},"end":{"line":1,"column":30}},"1":{"start":{"line":2,"column":0},"end":{"line":2,"column":30}},"2":{"start":{"line":3,"column":0},"end":{"line":3,"column":43}}},"fnMap":{},"branchMap":{},"s":{"0":1,"1":1,"2":1},"f":{},"b":{}}
,"C:\\Pamela\\starter\\mod-VI-test-jest\\av-final\\src\\features\\annotations\\presentation\\controllers\\annotation.controller.ts": {"path":"C:\\Pamela\\starter\\mod-VI-test-jest\\av-final\\src\\features\\annotations\\presentation\\controllers\\annotation.controller.ts","statementMap":{"0":{"start":{"line":2,"column":0},"end":{"line":2,"column":74}},"1":{"start":{"line":7,"column":4},"end":{"line":7,"column":47}},"2":{"start":{"line":8,"column":4},"end":{"line":8,"column":37}},"3":{"start":{"line":11,"column":8},"end":{"line":11,"column":38}},"4":{"start":{"line":12,"column":8},"end":{"line":12,"column":28}},"5":{"start":{"line":16,"column":8},"end":{"line":34,"column":null}},"6":{"start":{"line":17,"column":26},"end":{"line":17,"column":65}},"7":{"start":{"line":19,"column":12},"end":{"line":21,"column":null}},"8":{"start":{"line":20,"column":16},"end":{"line":20,"column":33}},"9":{"start":{"line":23,"column":32},"end":{"line":23,"column":63}},"10":{"start":{"line":25,"column":12},"end":{"line":27,"column":null}},"11":{"start":{"line":26,"column":16},"end":{"line":26,"column":34}},"12":{"start":{"line":29,"column":12},"end":{"line":29,"column":65}},"13":{"start":{"line":31,"column":12},"end":{"line":31,"column":35}},"14":{"start":{"line":33,"column":12},"end":{"line":33,"column":33}},"15":{"start":{"line":38,"column":8},"end":{"line":57,"column":null}},"16":{"start":{"line":39,"column":28},"end":{"line":39,"column":42}},"17":{"start":{"line":40,"column":26},"end":{"line":40,"column":68}},"18":{"start":{"line":42,"column":12},"end":{"line":44,"column":null}},"19":{"start":{"line":43,"column":16},"end":{"line":43,"column":33}},"20":{"start":{"line":46,"column":31},"end":{"line":46,"column":65}},"21":{"start":{"line":48,"column":12},"end":{"line":50,"column":null}},"22":{"start":{"line":49,"column":16},"end":{"line":49,"column":34}},"23":{"start":{"line":52,"column":12},"end":{"line":52,"column":67}},"24":{"start":{"line":54,"column":12},"end":{"line":54,"column":34}},"25":{"start":{"line":56,"column":12},"end":{"line":56,"column":33}},"26":{"start":{"line":61,"column":8},"end":{"line":70,"column":null}},"27":{"start":{"line":62,"column":31},"end":{"line":62,"column":74}},"28":{"start":{"line":64,"column":12},"end":{"line":64,"column":78}},"29":{"start":{"line":65,"column":12},"end":{"line":65,"column":52}},"30":{"start":{"line":67,"column":12},"end":{"line":67,"column":34}},"31":{"start":{"line":69,"column":12},"end":{"line":69,"column":33}},"32":{"start":{"line":74,"column":24},"end":{"line":74,"column":38}},"33":{"start":{"line":76,"column":8},"end":{"line":81,"column":null}},"34":{"start":{"line":77,"column":27},"end":{"line":77,"column":75}},"35":{"start":{"line":78,"column":12},"end":{"line":78,"column":30}},"36":{"start":{"line":80,"column":12},"end":{"line":80,"column":33}},"37":{"start":{"line":85,"column":8},"end":{"line":92,"column":null}},"38":{"start":{"line":86,"column":28},"end":{"line":86,"column":42}},"39":{"start":{"line":88,"column":27},"end":{"line":88,"column":61}},"40":{"start":{"line":89,"column":12},"end":{"line":89,"column":30}},"41":{"start":{"line":91,"column":12},"end":{"line":91,"column":33}},"42":{"start":{"line":6,"column":0},"end":{"line":6,"column":13}}},"fnMap":{"0":{"name":"(anonymous_2)","decl":{"start":{"line":10,"column":4},"end":{"line":10,"column":16}},"loc":{"start":{"line":10,"column":72},"end":{"line":13,"column":5}}},"1":{"name":"(anonymous_3)","decl":{"start":{"line":15,"column":11},"end":{"line":15,"column":16}},"loc":{"start":{"line":15,"column":43},"end":{"line":35,"column":5}}},"2":{"name":"(anonymous_4)","decl":{"start":{"line":37,"column":11},"end":{"line":37,"column":16}},"loc":{"start":{"line":37,"column":42},"end":{"line":58,"column":5}}},"3":{"name":"(anonymous_5)","decl":{"start":{"line":60,"column":11},"end":{"line":60,"column":16}},"loc":{"start":{"line":60,"column":43},"end":{"line":71,"column":5}}},"4":{"name":"(anonymous_6)","decl":{"start":{"line":73,"column":11},"end":{"line":73,"column":16}},"loc":{"start":{"line":73,"column":44},"end":{"line":82,"column":5}}},"5":{"name":"(anonymous_7)","decl":{"start":{"line":84,"column":11},"end":{"line":84,"column":16}},"loc":{"start":{"line":84,"column":44},"end":{"line":93,"column":5}}}},"branchMap":{"0":{"loc":{"start":{"line":19,"column":12},"end":{"line":21,"column":null}},"type":"if","locations":[{"start":{"line":19,"column":12},"end":{"line":21,"column":null}},{"start":{"line":19,"column":12},"end":{"line":21,"column":null}}]},"1":{"loc":{"start":{"line":25,"column":12},"end":{"line":27,"column":null}},"type":"if","locations":[{"start":{"line":25,"column":12},"end":{"line":27,"column":null}},{"start":{"line":25,"column":12},"end":{"line":27,"column":null}}]},"2":{"loc":{"start":{"line":25,"column":16},"end":{"line":25,"column":28}},"type":"binary-expr","locations":[{"start":{"line":25,"column":16},"end":{"line":25,"column":28}},{"start":{"line":25,"column":32},"end":{"line":25,"column":56}}]},"3":{"loc":{"start":{"line":42,"column":12},"end":{"line":44,"column":null}},"type":"if","locations":[{"start":{"line":42,"column":12},"end":{"line":44,"column":null}},{"start":{"line":42,"column":12},"end":{"line":44,"column":null}}]},"4":{"loc":{"start":{"line":48,"column":12},"end":{"line":50,"column":null}},"type":"if","locations":[{"start":{"line":48,"column":12},"end":{"line":50,"column":null}},{"start":{"line":48,"column":12},"end":{"line":50,"column":null}}]}},"s":{"0":2,"1":11,"2":11,"3":11,"4":11,"5":1,"6":1,"7":1,"8":0,"9":1,"10":1,"11":0,"12":1,"13":1,"14":0,"15":3,"16":3,"17":3,"18":2,"19":0,"20":2,"21":2,"22":1,"23":1,"24":1,"25":1,"26":5,"27":5,"28":4,"29":3,"30":3,"31":2,"32":0,"33":0,"34":0,"35":0,"36":0,"37":0,"38":0,"39":0,"40":0,"41":0,"42":2},"f":{"0":11,"1":1,"2":3,"3":5,"4":0,"5":0},"b":{"0":[0,1],"1":[0,1],"2":[1,1],"3":[0,2],"4":[1,1]}}
,"C:\\Pamela\\starter\\mod-VI-test-jest\\av-final\\src\\features\\annotations\\presentation\\controllers\\index.ts": {"path":"C:\\Pamela\\starter\\mod-VI-test-jest\\av-final\\src\\features\\annotations\\presentation\\controllers\\index.ts","statementMap":{"0":{"start":{"line":1,"column":0},"end":{"line":1,"column":40}}},"fnMap":{},"branchMap":{},"s":{"0":2},"f":{},"b":{}}
,"C:\\Pamela\\starter\\mod-VI-test-jest\\av-final\\src\\features\\annotations\\presentation\\middlewares\\annotation.middleware.ts": {"path":"C:\\Pamela\\starter\\mod-VI-test-jest\\av-final\\src\\features\\annotations\\presentation\\middlewares\\annotation.middleware.ts","statementMap":{"0":{"start":{"line":1,"column":0},"end":{"line":1,"column":63}},"1":{"start":{"line":3,"column":0},"end":{"line":3,"column":71}},"2":{"start":{"line":7,"column":12},"end":{"line":7,"column":42}},"3":{"start":{"line":10,"column":33},"end":{"line":10,"column":45}},"4":{"start":{"line":12,"column":8},"end":{"line":18,"column":null}},"5":{"start":{"line":13,"column":26},"end":{"line":13,"column":74}},"6":{"start":{"line":15,"column":12},"end":{"line":17,"column":null}},"7":{"start":{"line":16,"column":16},"end":{"line":16,"column":41}},"8":{"start":{"line":20,"column":8},"end":{"line":20,"column":22}},"9":{"start":{"line":6,"column":0},"end":{"line":6,"column":13}}},"fnMap":{"0":{"name":"(anonymous_0)","decl":{"start":{"line":6,"column":0},"end":{"line":6,"column":13}},"loc":{"start":{"line":6,"column":0},"end":{"line":22,"column":1}}},"1":{"name":"(anonymous_1)","decl":{"start":{"line":9,"column":4},"end":{"line":9,"column":9}},"loc":{"start":{"line":9,"column":37},"end":{"line":21,"column":5}}}},"branchMap":{"0":{"loc":{"start":{"line":15,"column":12},"end":{"line":17,"column":null}},"type":"if","locations":[{"start":{"line":15,"column":12},"end":{"line":17,"column":null}},{"start":{"line":15,"column":12},"end":{"line":17,"column":null}}]}},"s":{"0":2,"1":2,"2":2,"3":3,"4":3,"5":5,"6":5,"7":1,"8":2,"9":2},"f":{"0":2,"1":3},"b":{"0":[1,4]}}
,"C:\\Pamela\\starter\\mod-VI-test-jest\\av-final\\src\\features\\annotations\\presentation\\middlewares\\index.ts": {"path":"C:\\Pamela\\starter\\mod-VI-test-jest\\av-final\\src\\features\\annotations\\presentation\\middlewares\\index.ts","statementMap":{"0":{"start":{"line":1,"column":0},"end":{"line":1,"column":40}},"1":{"start":{"line":2,"column":0},"end":{"line":2,"column":43}}},"fnMap":{},"branchMap":{},"s":{"0":2,"1":2},"f":{},"b":{}}
,"C:\\Pamela\\starter\\mod-VI-test-jest\\av-final\\src\\features\\annotations\\presentation\\middlewares\\user-existent.middleware.ts": {"path":"C:\\Pamela\\starter\\mod-VI-test-jest\\av-final\\src\\features\\annotations\\presentation\\middlewares\\user-existent.middleware.ts","statementMap":{"0":{"start":{"line":2,"column":0},"end":{"line":2,"column":82}},"1":{"start":{"line":4,"column":0},"end":{"line":4,"column":56}},"2":{"start":{"line":8,"column":33},"end":{"line":8,"column":45}},"3":{"start":{"line":9,"column":21},"end":{"line":9,"column":68}},"4":{"start":{"line":11,"column":8},"end":{"line":13,"column":null}},"5":{"start":{"line":12,"column":12},"end":{"line":12,"column":64}},"6":{"start":{"line":15,"column":8},"end":{"line":15,"column":22}},"7":{"start":{"line":6,"column":0},"end":{"line":6,"column":13}}},"fnMap":{"0":{"name":"(anonymous_0)","decl":{"start":{"line":7,"column":4},"end":{"line":7,"column":9}},"loc":{"start":{"line":7,"column":37},"end":{"line":16,"column":5}}}},"branchMap":{"0":{"loc":{"start":{"line":11,"column":8},"end":{"line":13,"column":null}},"type":"if","locations":[{"start":{"line":11,"column":8},"end":{"line":13,"column":null}},{"start":{"line":11,"column":8},"end":{"line":13,"column":null}}]}},"s":{"0":2,"1":2,"2":2,"3":2,"4":2,"5":1,"6":1,"7":2},"f":{"0":2},"b":{"0":[1,1]}}
,"C:\\Pamela\\starter\\mod-VI-test-jest\\av-final\\src\\features\\annotations\\presentation\\routes\\routes.ts": {"path":"C:\\Pamela\\starter\\mod-VI-test-jest\\av-final\\src\\features\\annotations\\presentation\\routes\\routes.ts","statementMap":{"0":{"start":{"line":2,"column":0},"end":{"line":2,"column":53}},"1":{"start":{"line":3,"column":0},"end":{"line":3,"column":84}},"2":{"start":{"line":4,"column":0},"end":{"line":4,"column":54}},"3":{"start":{"line":5,"column":0},"end":{"line":5,"column":78}},"4":{"start":{"line":7,"column":0},"end":{"line":7,"column":51}},"5":{"start":{"line":8,"column":0},"end":{"line":8,"column":46}},"6":{"start":{"line":10,"column":23},"end":{"line":14,"column":1}},"7":{"start":{"line":11,"column":23},"end":{"line":11,"column":49}},"8":{"start":{"line":12,"column":18},"end":{"line":12,"column":39}},"9":{"start":{"line":13,"column":4},"end":{"line":13,"column":55}},"10":{"start":{"line":18,"column":7},"end":{"line":19,"column":62}},"11":{"start":{"line":21,"column":7},"end":{"line":22,"column":61}},"12":{"start":{"line":24,"column":7},"end":{"line":29,"column":62}},"13":{"start":{"line":31,"column":7},"end":{"line":33,"column":63}},"14":{"start":{"line":35,"column":7},"end":{"line":36,"column":63}},"15":{"start":{"line":16,"column":0},"end":{"line":16,"column":21}}},"fnMap":{"0":{"name":"(anonymous_0)","decl":{"start":{"line":10,"column":23},"end":{"line":10,"column":41}},"loc":{"start":{"line":10,"column":43},"end":{"line":14,"column":1}}},"1":{"name":"(anonymous_1)","decl":{"start":{"line":17,"column":11},"end":{"line":17,"column":15}},"loc":{"start":{"line":17,"column":30},"end":{"line":37,"column":5}}}},"branchMap":{},"s":{"0":2,"1":2,"2":2,"3":2,"4":2,"5":2,"6":2,"7":5,"8":5,"9":5,"10":1,"11":1,"12":1,"13":1,"14":1,"15":2},"f":{"0":5,"1":1},"b":{}}
}
