TN:
SF:src\core\infra\index.ts
FNF:0
FNH:0
DA:1,5
DA:2,5
DA:3,5
DA:4,5
LF:4
LH:4
BRF:0
BRH:0
end_of_record
TN:
SF:src\core\infra\data\connections\database.ts
FN:6,(anonymous_0)
FN:14,(anonymous_1)
FN:20,(anonymous_2)
FNF:3
FNH:2
FNDA:0,(anonymous_0)
FNDA:2,(anonymous_1)
FNDA:2,(anonymous_2)
DA:1,5
DA:3,5
DA:7,0
DA:8,0
DA:11,0
DA:15,2
DA:16,2
DA:21,2
DA:22,0
DA:25,2
LF:10
LH:6
BRDA:7,0,0,0
BRDA:7,0,1,0
BRDA:15,1,0,2
BRDA:15,1,1,0
BRDA:21,2,0,0
BRDA:21,2,1,2
BRF:6
BRH:2
end_of_record
TN:
SF:src\core\infra\data\connections\redis.ts
FN:7,(anonymous_3)
FN:15,(anonymous_4)
FNF:2
FNH:0
FNDA:0,(anonymous_3)
FNDA:0,(anonymous_4)
DA:1,7
DA:4,7
DA:5,7
DA:8,0
DA:9,0
DA:12,0
DA:16,0
DA:17,0
LF:8
LH:3
BRDA:8,0,0,0
BRDA:8,0,1,0
BRDA:16,1,0,0
BRDA:16,1,1,0
BRF:4
BRH:0
end_of_record
TN:
SF:src\core\infra\data\database\entities\annotation.entity.ts
FN:30,(anonymous_2)
FN:37,(anonymous_3)
FN:25,(anonymous_4)
FN:25,(anonymous_5)
FNF:4
FNH:3
FNDA:6,(anonymous_2)
FNDA:0,(anonymous_3)
FNDA:2,(anonymous_4)
FNDA:2,(anonymous_5)
DA:1,5
DA:2,5
DA:3,5
DA:6,5
DA:8,5
DA:11,5
DA:14,5
DA:17,5
DA:20,5
DA:23,5
DA:25,2
DA:27,5
DA:30,5
DA:31,6
DA:32,6
DA:33,6
DA:37,5
DA:38,0
LF:18
LH:17
BRF:0
BRH:0
end_of_record
TN:
SF:src\core\infra\data\database\entities\index.ts
FNF:0
FNH:0
DA:1,5
DA:2,5
LF:2
LH:2
BRF:0
BRH:0
end_of_record
TN:
SF:src\core\infra\data\database\entities\user.entity.ts
FN:26,(anonymous_2)
FN:33,(anonymous_3)
FN:22,(anonymous_4)
FN:22,(anonymous_5)
FNF:4
FNH:3
FNDA:7,(anonymous_2)
FNDA:0,(anonymous_3)
FNDA:2,(anonymous_4)
FNDA:2,(anonymous_5)
DA:1,5
DA:2,5
DA:3,5
DA:6,5
DA:8,5
DA:11,5
DA:14,5
DA:17,5
DA:20,5
DA:22,2
DA:23,5
DA:26,5
DA:27,7
DA:28,7
DA:29,7
DA:33,5
DA:34,0
LF:17
LH:16
BRF:0
BRH:0
end_of_record
TN:
SF:src\core\infra\repositories\cache.repository.ts
FN:7,(anonymous_0)
FN:11,(anonymous_1)
FN:15,(anonymous_2)
FN:19,(anonymous_3)
FN:23,(anonymous_4)
FN:29,(anonymous_5)
FNF:6
FNH:0
FNDA:0,(anonymous_0)
FNDA:0,(anonymous_1)
FNDA:0,(anonymous_2)
FNDA:0,(anonymous_3)
FNDA:0,(anonymous_4)
FNDA:0,(anonymous_5)
DA:2,3
DA:4,3
DA:8,0
DA:12,0
DA:16,0
DA:20,0
DA:24,0
DA:26,0
DA:30,0
DA:32,0
LF:10
LH:2
BRDA:26,0,0,0
BRDA:26,0,1,0
BRF:2
BRH:0
end_of_record
TN:
SF:src\core\infra\repositories\index.ts
FNF:0
FNH:0
DA:1,5
DA:2,5
LF:2
LH:2
BRF:0
BRH:0
end_of_record
TN:
SF:src\core\infra\repositories\user.repository.ts
FN:5,(anonymous_0)
FNF:1
FNH:1
FNDA:2,(anonymous_0)
DA:1,5
DA:4,5
DA:6,2
DA:8,2
DA:9,1
DA:12,1
LF:6
LH:6
BRDA:8,0,0,1
BRDA:8,0,1,1
BRF:2
BRH:2
end_of_record
TN:
SF:src\core\presentation\app.ts
FN:7,(anonymous_9)
FN:11,(anonymous_10)
FN:15,(anonymous_11)
FN:21,(anonymous_12)
FN:27,(anonymous_13)
FN:31,(anonymous_14)
FN:34,(anonymous_15)
FN:37,(anonymous_16)
FNF:8
FNH:2
FNDA:1,(anonymous_9)
FNDA:1,(anonymous_10)
FNDA:0,(anonymous_11)
FNDA:0,(anonymous_12)
FNDA:0,(anonymous_13)
FNDA:0,(anonymous_14)
FNDA:0,(anonymous_15)
FNDA:0,(anonymous_16)
DA:1,2
DA:2,2
DA:3,2
DA:4,2
DA:5,1
DA:8,1
DA:12,1
DA:16,0
DA:17,0
DA:18,0
DA:22,0
DA:23,0
DA:24,0
DA:32,0
DA:34,0
DA:35,0
DA:37,0
DA:39,0
LF:18
LH:7
BRF:0
BRH:0
end_of_record
TN:
SF:src\core\presentation\index.ts
FNF:0
FNH:0
DA:1,2
DA:2,2
DA:3,2
DA:4,2
DA:5,2
DA:6,2
DA:7,2
DA:8,2
LF:8
LH:8
BRF:0
BRH:0
end_of_record
TN:
SF:src\core\presentation\adapters\express-middleware.adapter.ts
FN:4,(anonymous_0)
FN:5,(anonymous_1)
FNF:2
FNH:2
FNDA:3,(anonymous_0)
FNDA:5,(anonymous_1)
DA:4,2
DA:5,3
DA:6,5
DA:11,5
DA:13,5
DA:14,3
DA:15,3
DA:17,2
LF:8
LH:8
BRDA:13,0,0,3
BRDA:13,0,1,2
BRF:2
BRH:2
end_of_record
TN:
SF:src\core\presentation\adapters\express-route.adapter.ts
FN:6,(anonymous_0)
FN:7,(anonymous_1)
FN:25,(anonymous_2)
FN:26,(anonymous_3)
FNF:4
FNH:2
FNDA:0,(anonymous_0)
FNDA:0,(anonymous_1)
FNDA:5,(anonymous_2)
FNDA:3,(anonymous_3)
DA:4,2
DA:6,2
DA:7,0
DA:8,0
DA:13,0
DA:15,0
DA:16,0
DA:19,0
DA:25,2
DA:26,5
DA:27,3
DA:34,3
DA:36,1
DA:37,1
DA:39,1
DA:40,1
DA:42,1
DA:43,1
DA:45,0
DA:46,0
DA:48,0
DA:49,0
DA:52,3
DA:53,3
DA:56,0
LF:25
LH:14
BRDA:15,0,0,0
BRDA:15,0,1,0
BRDA:15,1,0,0
BRDA:15,1,1,0
BRDA:35,2,0,1
BRDA:35,2,1,1
BRDA:35,2,2,1
BRDA:35,2,3,0
BRDA:35,2,4,0
BRDA:52,3,0,3
BRDA:52,3,1,0
BRDA:52,4,0,3
BRDA:52,4,1,3
BRF:13
BRH:6
end_of_record
TN:
SF:src\core\presentation\adapters\index.ts
FNF:0
FNH:0
DA:1,2
DA:2,2
LF:2
LH:2
BRF:0
BRH:0
end_of_record
TN:
SF:src\core\presentation\contracts\index.ts
FNF:0
FNH:0
DA:1,2
LF:1
LH:1
BRF:0
BRH:0
end_of_record
TN:
SF:src\core\presentation\enums\index.ts
FNF:0
FNH:0
DA:1,2
LF:1
LH:1
BRF:0
BRH:0
end_of_record
TN:
SF:src\core\presentation\enums\mvc.enum.ts
FN:1,(anonymous_0)
FNF:1
FNH:1
FNDA:2,(anonymous_0)
DA:1,2
DA:2,2
DA:3,2
DA:4,2
DA:5,2
DA:6,2
LF:6
LH:6
BRDA:1,0,0,2
BRDA:1,0,1,2
BRF:2
BRH:2
end_of_record
TN:
SF:src\core\presentation\errors\data-not-found.error.ts
FN:2,(anonymous_0)
FNF:1
FNH:1
FNDA:2,(anonymous_0)
DA:1,2
DA:3,2
DA:4,2
LF:3
LH:3
BRF:0
BRH:0
end_of_record
TN:
SF:src\core\presentation\errors\index.ts
FNF:0
FNH:0
DA:1,2
DA:2,2
DA:3,2
DA:4,2
LF:4
LH:4
BRF:0
BRH:0
end_of_record
TN:
SF:src\core\presentation\errors\invalid-param.error.ts
FN:2,(anonymous_0)
FNF:1
FNH:1
FNDA:1,(anonymous_0)
DA:1,2
DA:3,1
DA:4,1
LF:3
LH:3
BRF:0
BRH:0
end_of_record
TN:
SF:src\core\presentation\errors\missing-param.error.ts
FN:2,(anonymous_0)
FNF:1
FNH:1
FNDA:1,(anonymous_0)
DA:1,2
DA:3,1
DA:4,1
LF:3
LH:3
BRF:0
BRH:0
end_of_record
TN:
SF:src\core\presentation\errors\server.error.ts
FN:2,(anonymous_0)
FNF:1
FNH:1
FNDA:5,(anonymous_0)
DA:1,2
DA:3,5
DA:4,5
LF:3
LH:3
BRF:0
BRH:0
end_of_record
TN:
SF:src\core\presentation\helpers\http.helper.ts
FN:4,(anonymous_0)
FN:9,(anonymous_1)
FN:14,(anonymous_2)
FN:19,(anonymous_3)
FNF:4
FNH:4
FNDA:9,(anonymous_0)
FNDA:2,(anonymous_1)
FNDA:2,(anonymous_2)
FNDA:5,(anonymous_3)
DA:2,2
DA:4,9
DA:9,2
DA:14,2
DA:19,5
LF:5
LH:5
BRF:0
BRH:0
end_of_record
TN:
SF:src\core\presentation\helpers\index.ts
FNF:0
FNH:0
DA:1,2
LF:1
LH:1
BRF:0
BRH:0
end_of_record
TN:
SF:src\core\presentation\models\index.ts
FNF:0
FNH:0
DA:1,2
LF:1
LH:1
BRF:0
BRH:0
end_of_record
TN:
SF:src\core\presentation\validators\index.ts
FNF:0
FNH:0
DA:1,2
LF:1
LH:1
BRF:0
BRH:0
end_of_record
TN:
SF:src\core\presentation\validators\require-fields.validator.ts
FN:6,(anonymous_2)
FN:10,(anonymous_3)
FNF:2
FNH:2
FNDA:5,(anonymous_2)
FNDA:5,(anonymous_3)
DA:1,2
DA:3,2
DA:4,5
DA:7,5
DA:11,5
DA:12,1
DA:15,4
LF:7
LH:7
BRDA:11,0,0,1
BRDA:11,0,1,4
BRF:2
BRH:2
end_of_record
TN:
SF:src\features\annotations\infra\index.ts
FNF:0
FNH:0
DA:1,3
DA:2,3
LF:2
LH:2
BRF:0
BRH:0
end_of_record
TN:
SF:src\features\annotations\infra\repositories\annotation.repository.ts
FN:13,(anonymous_0)
FN:33,(anonymous_1)
FN:36,(anonymous_2)
FN:46,(anonymous_3)
FN:65,(anonymous_4)
FN:89,(anonymous_5)
FNF:6
FNH:1
FNDA:1,(anonymous_0)
FNDA:0,(anonymous_1)
FNDA:0,(anonymous_2)
FNDA:0,(anonymous_3)
FNDA:0,(anonymous_4)
FNDA:0,(anonymous_5)
DA:1,3
DA:12,3
DA:14,1
DA:15,1
DA:23,1
DA:34,0
DA:36,0
DA:47,0
DA:49,0
DA:50,0
DA:53,0
DA:55,0
DA:66,0
DA:67,0
DA:69,0
DA:70,0
DA:73,0
DA:81,0
DA:90,0
DA:92,0
DA:93,0
DA:96,0
LF:22
LH:5
BRDA:49,0,0,0
BRDA:49,0,1,0
BRDA:69,1,0,0
BRDA:69,1,1,0
BRDA:92,2,0,0
BRDA:92,2,1,0
BRF:6
BRH:0
end_of_record
TN:
SF:src\features\annotations\infra\repositories\index.ts
FNF:0
FNH:0
DA:1,3
LF:1
LH:1
BRF:0
BRH:0
end_of_record
TN:
SF:src\features\annotations\presentation\index.ts
FNF:0
FNH:0
DA:1,1
DA:2,1
DA:3,1
LF:3
LH:3
BRF:0
BRH:0
end_of_record
TN:
SF:src\features\annotations\presentation\controllers\annotation.controller.ts
FN:10,(anonymous_2)
FN:15,(anonymous_3)
FN:37,(anonymous_4)
FN:60,(anonymous_5)
FN:73,(anonymous_6)
FN:84,(anonymous_7)
FNF:6
FNH:4
FNDA:11,(anonymous_2)
FNDA:1,(anonymous_3)
FNDA:3,(anonymous_4)
FNDA:5,(anonymous_5)
FNDA:0,(anonymous_6)
FNDA:0,(anonymous_7)
DA:2,2
DA:6,2
DA:7,11
DA:8,11
DA:11,11
DA:12,11
DA:16,1
DA:17,1
DA:19,1
DA:20,0
DA:23,1
DA:25,1
DA:26,0
DA:29,1
DA:31,1
DA:33,0
DA:38,3
DA:39,3
DA:40,3
DA:42,2
DA:43,0
DA:46,2
DA:48,2
DA:49,1
DA:52,1
DA:54,1
DA:56,1
DA:61,5
DA:62,5
DA:64,4
DA:65,3
DA:67,3
DA:69,2
DA:74,0
DA:76,0
DA:77,0
DA:78,0
DA:80,0
DA:85,0
DA:87,0
DA:88,0
DA:89,0
DA:91,0
LF:43
LH:29
BRDA:19,0,0,0
BRDA:19,0,1,1
BRDA:25,1,0,0
BRDA:25,1,1,1
BRDA:25,2,0,1
BRDA:25,2,1,1
BRDA:42,3,0,0
BRDA:42,3,1,2
BRDA:48,4,0,1
BRDA:48,4,1,1
BRF:10
BRH:7
end_of_record
TN:
SF:src\features\annotations\presentation\controllers\index.ts
FNF:0
FNH:0
DA:1,2
LF:1
LH:1
BRF:0
BRH:0
end_of_record
TN:
SF:src\features\annotations\presentation\middlewares\annotation.middleware.ts
FN:6,(anonymous_0)
FN:9,(anonymous_1)
FNF:2
FNH:2
FNDA:2,(anonymous_0)
FNDA:3,(anonymous_1)
DA:1,2
DA:3,2
DA:6,2
DA:7,2
DA:10,3
DA:12,3
DA:13,5
DA:15,5
DA:16,1
DA:20,2
LF:10
LH:10
BRDA:15,0,0,1
BRDA:15,0,1,4
BRF:2
BRH:2
end_of_record
TN:
SF:src\features\annotations\presentation\middlewares\index.ts
FNF:0
FNH:0
DA:1,2
DA:2,2
LF:2
LH:2
BRF:0
BRH:0
end_of_record
TN:
SF:src\features\annotations\presentation\middlewares\user-existent.middleware.ts
FN:7,(anonymous_0)
FNF:1
FNH:1
FNDA:2,(anonymous_0)
DA:2,2
DA:4,2
DA:6,2
DA:8,2
DA:9,2
DA:11,2
DA:12,1
DA:15,1
LF:8
LH:8
BRDA:11,0,0,1
BRDA:11,0,1,1
BRF:2
BRH:2
end_of_record
TN:
SF:src\features\annotations\presentation\routes\routes.ts
FN:10,(anonymous_0)
FN:17,(anonymous_1)
FNF:2
FNH:2
FNDA:5,(anonymous_0)
FNDA:1,(anonymous_1)
DA:2,2
DA:3,2
DA:4,2
DA:5,2
DA:7,2
DA:8,2
DA:10,2
DA:11,5
DA:12,5
DA:13,5
DA:16,2
DA:18,1
DA:21,1
DA:24,1
DA:31,1
DA:35,1
LF:16
LH:16
BRF:0
BRH:0
end_of_record
